{"timestamp": "2025-07-04 10:50:38,378", "level": "ERROR", "module": "error_handling", "message": "APPLICATION ERROR: {'error_type': 'TemplateNotFound', 'error_message': 'documents.html', 'timestamp': '2025-07-04T15:50:38.367062', 'stack_trace': 'Traceback (most recent call last):\n  File "/Users/phillipholland/Desktop/lexai/lexai-app/app.py", line 261, in documents_list\n    documents = db.session.execute(\n                ~~~~~~~~~~~~~~~~~~^\n        \'SELECT * FROM documents ORDER BY uploaded_at DESC\'\n        ^^^^^^^^^^^^^^^^^^^^^^^^^^^^^^^^^^^^^^^^^^^^^^^^^^^\n    ).fetchall()\n    ^\n  File "/Users/phillipholland/Desktop/lexai/lexai-app/venv/lib/python3.13/site-packages/sqlalchemy/orm/scoping.py", line 779, in execute\n    return self._proxied.execute(\n           ~~~~~~~~~~~~~~~~~~~~~^\n        statement,\n        ^^^^^^^^^^\n    ...<4 lines>...\n        _add_event=_add_event,\n        ^^^^^^^^^^^^^^^^^^^^^^\n    )\n    ^\n  File "/Users/phillipholland/Desktop/lexai/lexai-app/venv/lib/python3.13/site-packages/sqlalchemy/orm/session.py", line 2365, in execute\n    return self._execute_internal(\n           ~~~~~~~~~~~~~~~~~~~~~~^\n        statement,\n        ^^^^^^^^^^\n    ...<4 lines>...\n        _add_event=_add_event,\n        ^^^^^^^^^^^^^^^^^^^^^^\n    )\n    ^\n  File "/Users/phillipholland/Desktop/lexai/lexai-app/venv/lib/python3.13/site-packages/sqlalchemy/orm/session.py", line 2149, in _execute_internal\n    statement = coercions.expect(roles.StatementRole, statement)\n  File "/Users/phillipholland/Desktop/lexai/lexai-app/venv/lib/python3.13/site-packages/sqlalchemy/sql/coercions.py", line 395, in expect\n    resolved = impl._literal_coercion(\n        element, argname=argname, **kw\n    )\n  File "/Users/phillipholland/Desktop/lexai/lexai-app/venv/lib/python3.13/site-packages/sqlalchemy/sql/coercions.py", line 621, in _literal_coercion\n    return self._text_coercion(element, argname, **kw)\n           ~~~~~~~~~~~~~~~~~~~^^^^^^^^^^^^^^^^^^^^^^^^\n  File "/Users/phillipholland/Desktop/lexai/lexai-app/venv/lib/python3.13/site-packages/sqlalchemy/sql/coercions.py", line 614, in _text_coercion\n    return _no_text_coercion(element, argname)\n  File "/Users/phillipholland/Desktop/lexai/lexai-app/venv/lib/python3.13/site-packages/sqlalchemy/sql/coercions.py", line 584, in _no_text_coercion\n    raise exc_cls(\n    ...<7 lines>...\n    ) from err\nsqlalchemy.exc.ArgumentError: Textual SQL expression \'SELECT * FROM documents O...\' should be explicitly declared as text(\'SELECT * FROM documents O...\')\n\nDuring handling of the above exception, another exception occurred:\n\nTraceback (most recent call last):\n  File "/Users/phillipholland/Desktop/lexai/lexai-app/venv/lib/python3.13/site-packages/flask/app.py", line 917, in full_dispatch_request\n    rv = self.dispatch_request()\n  File "/Users/phillipholland/Desktop/lexai/lexai-app/venv/lib/python3.13/site-packages/flask/app.py", line 902, in dispatch_request\n    return self.ensure_sync(self.view_functions[rule.endpoint])(**view_args)  # type: ignore[no-any-return]\n           ~~~~~~~~~~~~~~~~~~~~~~~~~~~~~~~~~~~~~~~~~~~~~~~~~~~~^^^^^^^^^^^^^\n  File "/Users/phillipholland/Desktop/lexai/lexai-app/app.py", line 267, in documents_list\n    return render_template(\'documents.html\', documents=[])\n  File "/Users/phillipholland/Desktop/lexai/lexai-app/venv/lib/python3.13/site-packages/flask/templating.py", line 149, in render_template\n    template = app.jinja_env.get_or_select_template(template_name_or_list)\n  File "/Users/phillipholland/Desktop/lexai/lexai-app/venv/lib/python3.13/site-packages/jinja2/environment.py", line 1087, in get_or_select_template\n    return self.get_template(template_name_or_list, parent, globals)\n           ~~~~~~~~~~~~~~~~~^^^^^^^^^^^^^^^^^^^^^^^^^^^^^^^^^^^^^^^^\n  File "/Users/phillipholland/Desktop/lexai/lexai-app/venv/lib/python3.13/site-packages/jinja2/environment.py", line 1016, in get_template\n    return self._load_template(name, globals)\n           ~~~~~~~~~~~~~~~~~~~^^^^^^^^^^^^^^^\n  File "/Users/phillipholland/Desktop/lexai/lexai-app/venv/lib/python3.13/site-packages/jinja2/environment.py", line 975, in _load_template\n    template = self.loader.load(self, name, self.make_globals(globals))\n  File "/Users/phillipholland/Desktop/lexai/lexai-app/venv/lib/python3.13/site-packages/jinja2/loaders.py", line 126, in load\n    source, filename, uptodate = self.get_source(environment, name)\n                                 ~~~~~~~~~~~~~~~^^^^^^^^^^^^^^^^^^^\n  File "/Users/phillipholland/Desktop/lexai/lexai-app/venv/lib/python3.13/site-packages/flask/templating.py", line 65, in get_source\n    return self._get_source_fast(environment, template)\n           ~~~~~~~~~~~~~~~~~~~~~^^^^^^^^^^^^^^^^^^^^^^^\n  File "/Users/phillipholland/Desktop/lexai/lexai-app/venv/lib/python3.13/site-packages/flask/templating.py", line 99, in _get_source_fast\n    raise TemplateNotFound(template)\njinja2.exceptions.TemplateNotFound: documents.html\n', 'url': 'http://localhost:5002/documents', 'method': 'GET', 'ip': '127.0.0.1', 'user_agent': 'Mozilla/5.0 (Macintosh; Intel Mac OS X 10_15_7) AppleWebKit/605.1.15 (KHTML, like Gecko) Version/19.0 Safari/605.1.15', 'referer': 'http://localhost:5002/clients', 'error_code': 'unhandled'}", "pathname": "/Users/phillipholland/Desktop/lexai/lexai-app/error_handling.py", "lineno": 101}
